<?xml version="1.0" encoding="UTF-8"?>
<testng-results ignored="0" total="2" passed="1" failed="1" skipped="0">
  <reporter-output>
  </reporter-output>
  <suite started-at="2021-05-10T20:57:20 IST" name="Default suite" finished-at="2021-05-10T20:58:16 IST" duration-ms="55629">
    <groups>
    </groups>
    <test started-at="2021-05-10T20:57:20 IST" name="Default test" finished-at="2021-05-10T20:58:16 IST" duration-ms="55629">
      <class name="com.learnautomation.testcases.LoginTest">
        <test-method is-config="true" signature="setupReport()[pri:0, instance:com.learnautomation.testcases.LoginTest@49c386c8]" started-at="2021-05-10T20:57:20 IST" name="setupReport" finished-at="2021-05-10T20:57:20 IST" duration-ms="559" status="PASS">
          <reporter-output>
          </reporter-output>
        </test-method> <!-- setupReport -->
        <test-method is-config="true" signature="startSession()[pri:0, instance:com.learnautomation.testcases.LoginTest@49c386c8]" started-at="2021-05-10T20:57:20 IST" name="startSession" finished-at="2021-05-10T20:57:40 IST" duration-ms="19272" status="PASS">
          <reporter-output>
          </reporter-output>
        </test-method> <!-- startSession -->
        <test-method signature="loginWithAdmin()[pri:1, instance:com.learnautomation.testcases.LoginTest@49c386c8]" started-at="2021-05-10T20:57:40 IST" name="loginWithAdmin" finished-at="2021-05-10T20:57:51 IST" duration-ms="11515" status="PASS">
          <reporter-output>
          </reporter-output>
        </test-method> <!-- loginWithAdmin -->
        <test-method is-config="true" signature="tearDownReport(org.testng.ITestResult)[pri:0, instance:com.learnautomation.testcases.LoginTest@49c386c8]" started-at="2021-05-10T20:57:51 IST" name="tearDownReport" finished-at="2021-05-10T20:57:53 IST" duration-ms="1970" status="PASS">
          <params>
            <param index="0">
              <value>
                <![CDATA[[TestResult name=loginWithAdmin status=SUCCESS method=LoginTest.loginWithAdmin()[pri:1, instance:com.learnautomation.testcases.LoginTest@49c386c8] output={null}]]]>
              </value>
            </param>
          </params>
          <reporter-output>
          </reporter-output>
        </test-method> <!-- tearDownReport -->
        <test-method signature="logout()[pri:2, instance:com.learnautomation.testcases.LoginTest@49c386c8]" started-at="2021-05-10T20:57:53 IST" name="logout" finished-at="2021-05-10T20:58:14 IST" depends-on-methods="com.learnautomation.testcases.LoginTest.loginWithAdmin" duration-ms="20513" status="FAIL">
          <exception class="org.openqa.selenium.TimeoutException">
            <message>
              <![CDATA[Supplied function might have stalled
Build info: version: '4.0.0-alpha-5', revision: 'b3a0d621cc'
System info: host: 'DESKTOP-ME4AIAH', ip: '172.29.7.38', os.name: 'Windows 10', os.arch: 'amd64', os.version: '10.0', java.version: '13.0.1'
Driver info: driver.version: unknown]]>
            </message>
            <full-stacktrace>
              <![CDATA[org.openqa.selenium.TimeoutException: Supplied function might have stalled
Build info: version: '4.0.0-alpha-5', revision: 'b3a0d621cc'
System info: host: 'DESKTOP-ME4AIAH', ip: '172.29.7.38', os.name: 'Windows 10', os.arch: 'amd64', os.version: '10.0', java.version: '13.0.1'
Driver info: driver.version: unknown
at org.openqa.selenium.support.ui.FluentWait.until(FluentWait.java:221)
at com.learnautomation.utility.Helper.waitForWebElementAndClick(Helper.java:132)
at com.learnautomation.pages.LogoutPage.logOutFromApplication(LogoutPage.java:25)
at com.learnautomation.testcases.LoginTest.logout(LoginTest.java:29)
at java.base/jdk.internal.reflect.NativeMethodAccessorImpl.invoke0(Native Method)
at java.base/jdk.internal.reflect.NativeMethodAccessorImpl.invoke(NativeMethodAccessorImpl.java:62)
at java.base/jdk.internal.reflect.DelegatingMethodAccessorImpl.invoke(DelegatingMethodAccessorImpl.java:43)
at java.base/java.lang.reflect.Method.invoke(Method.java:567)
at org.testng.internal.MethodInvocationHelper.invokeMethod(MethodInvocationHelper.java:133)
at org.testng.internal.TestInvoker.invokeMethod(TestInvoker.java:584)
at org.testng.internal.TestInvoker.invokeTestMethod(TestInvoker.java:172)
at org.testng.internal.MethodRunner.runInSequence(MethodRunner.java:46)
at org.testng.internal.TestInvoker$MethodInvocationAgent.invoke(TestInvoker.java:804)
at org.testng.internal.TestInvoker.invokeTestMethods(TestInvoker.java:145)
at org.testng.internal.TestMethodWorker.invokeTestMethods(TestMethodWorker.java:146)
at org.testng.internal.TestMethodWorker.run(TestMethodWorker.java:128)
at java.base/java.util.ArrayList.forEach(ArrayList.java:1507)
at org.testng.TestRunner.privateRun(TestRunner.java:770)
at org.testng.TestRunner.run(TestRunner.java:591)
at org.testng.SuiteRunner.runTest(SuiteRunner.java:402)
at org.testng.SuiteRunner.runSequentially(SuiteRunner.java:396)
at org.testng.SuiteRunner.privateRun(SuiteRunner.java:355)
at org.testng.SuiteRunner.run(SuiteRunner.java:304)
at org.testng.SuiteRunnerWorker.runSuite(SuiteRunnerWorker.java:53)
at org.testng.SuiteRunnerWorker.run(SuiteRunnerWorker.java:96)
at org.testng.TestNG.runSuitesSequentially(TestNG.java:1180)
at org.testng.TestNG.runSuitesLocally(TestNG.java:1102)
at org.testng.TestNG.runSuites(TestNG.java:1032)
at org.testng.TestNG.run(TestNG.java:1000)
at org.testng.remote.AbstractRemoteTestNG.run(AbstractRemoteTestNG.java:115)
at org.testng.remote.RemoteTestNG.initAndRun(RemoteTestNG.java:251)
at org.testng.remote.RemoteTestNG.main(RemoteTestNG.java:77)
Caused by: java.util.concurrent.TimeoutException
at java.base/java.util.concurrent.CompletableFuture.timedGet(CompletableFuture.java:1957)
at java.base/java.util.concurrent.CompletableFuture.get(CompletableFuture.java:2092)
at org.openqa.selenium.support.ui.FluentWait.until(FluentWait.java:209)
... 31 more
]]>
            </full-stacktrace>
          </exception> <!-- org.openqa.selenium.TimeoutException -->
          <reporter-output>
          </reporter-output>
        </test-method> <!-- logout -->
        <test-method is-config="true" signature="tearDownReport(org.testng.ITestResult)[pri:0, instance:com.learnautomation.testcases.LoginTest@49c386c8]" started-at="2021-05-10T20:58:14 IST" name="tearDownReport" finished-at="2021-05-10T20:58:15 IST" duration-ms="856" status="PASS">
          <params>
            <param index="0">
              <value>
                <![CDATA[[TestResult name=logout status=FAILURE method=LoginTest.logout()[pri:2, instance:com.learnautomation.testcases.LoginTest@49c386c8] output={null}]]]>
              </value>
            </param>
          </params>
          <reporter-output>
          </reporter-output>
        </test-method> <!-- tearDownReport -->
        <test-method is-config="true" signature="closeSession()[pri:0, instance:com.learnautomation.testcases.LoginTest@49c386c8]" started-at="2021-05-10T20:58:15 IST" name="closeSession" finished-at="2021-05-10T20:58:16 IST" duration-ms="1398" status="PASS">
          <reporter-output>
          </reporter-output>
        </test-method> <!-- closeSession -->
      </class> <!-- com.learnautomation.testcases.LoginTest -->
    </test> <!-- Default test -->
  </suite> <!-- Default suite -->
</testng-results>
